<?xml version="1.0" encoding="UTF-8"?>
<!-- Generated by org.testng.reporters.JUnitReportReporter -->
<testsuite hostname="AASHU-DESKTOP1" failures="0" tests="1" name="com.Magento.TestRunner.MagentoSigninTestRunner" time="16.013" errors="0" timestamp="2025-03-21T10:00:53 IST" skipped="0">
  <testcase classname="com.Magento.TestRunner.MagentoSigninTestRunner" name="runScenario" time="16.013"/>
</testsuite> <!-- com.Magento.TestRunner.MagentoSigninTestRunner -->
