<?xml version="1.0" encoding="UTF-8"?>
<!-- Generated by org.testng.reporters.JUnitReportReporter -->
<testsuite hostname="AASHU-DESKTOP1" failures="0" tests="1" name="com.Magento.TestRunner.MagentoAddToCartTestRunner" time="81.636" errors="0" timestamp="2025-03-24T13:18:00 IST" skipped="0">
  <testcase classname="com.Magento.TestRunner.MagentoAddToCartTestRunner" name="runScenario" time="81.636"/>
</testsuite> <!-- com.Magento.TestRunner.MagentoAddToCartTestRunner -->
