<?xml version="1.0" encoding="UTF-8"?>
<!-- Generated by org.testng.reporters.JUnitReportReporter -->
<testsuite hostname="AASHU-DESKTOP1" failures="0" tests="1" name="com.Magento.TestRunner.MagentoRegistrationTestNGTestRunner" time="28.948" errors="0" timestamp="2025-03-23T16:10:50 IST" skipped="0">
  <testcase classname="com.Magento.TestRunner.MagentoRegistrationTestNGTestRunner" name="runScenario" time="28.948"/>
</testsuite> <!-- com.Magento.TestRunner.MagentoRegistrationTestNGTestRunner -->
