<?xml version="1.0" encoding="UTF-8"?>
<!-- Generated by org.testng.reporters.JUnitReportReporter -->
<testsuite hostname="AASHU-DESKTOP1" failures="0" tests="1" name="com.Magento.TestRunner.MagentoAddMultipleProductsTestRunner" time="26.567" errors="0" timestamp="2025-03-23T16:10:50 IST" skipped="0">
  <testcase classname="com.Magento.TestRunner.MagentoAddMultipleProductsTestRunner" name="runScenario" time="26.567"/>
</testsuite> <!-- com.Magento.TestRunner.MagentoAddMultipleProductsTestRunner -->
