<?xml version="1.0" encoding="UTF-8"?>
<!-- Generated by org.testng.reporters.JUnitReportReporter -->
<testsuite hostname="AASHU-DESKTOP1" failures="0" tests="1" name="com.Magento.TestRunner.MagentoTestNGTestRunner" time="21.602" errors="0" timestamp="2025-03-19T20:42:55 IST" skipped="0">
  <testcase classname="com.Magento.TestRunner.MagentoTestNGTestRunner" name="runScenario" time="21.602"/>
  <system-out/>
</testsuite> <!-- com.Magento.TestRunner.MagentoTestNGTestRunner -->
